#
# There is insufficient memory for the Java Runtime Environment to continue.
# Native memory allocation (mmap) failed to map 65536 bytes for Failed to commit metaspace.
# Possible reasons:
#   The system is out of physical RAM or swap space
#   The process is running with CompressedOops enabled, and the Java Heap may be blocking the growth of the native heap
# Possible solutions:
#   Reduce memory load on the system
#   Increase physical memory or swap space
#   Check if swap backing store is full
#   Decrease Java heap size (-Xmx/-Xms)
#   Decrease number of Java threads
#   Decrease Java thread stack sizes (-Xss)
#   Set larger code cache with -XX:ReservedCodeCacheSize=
#   JVM is running with Zero Based Compressed Oops mode in which the Java heap is
#     placed in the first 32GB address space. The Java Heap base address is the
#     maximum limit for the native heap growth. Please use -XX:HeapBaseMinAddress
#     to set the Java Heap base and to place the Java Heap above 32GB virtual address.
# This output file may be truncated or incomplete.
#
#  Out of Memory Error (virtualSpaceNode.cpp:112), pid=14324, tid=13648
#
# JRE version: Java(TM) SE Runtime Environment (21.0.1+12) (build 21.0.1+12-LTS-29)
# Java VM: Java HotSpot(TM) 64-Bit Server VM (21.0.1+12-LTS-29, mixed mode, sharing, tiered, compressed oops, compressed class ptrs, g1 gc, windows-amd64)
# No core dump will be written. Minidumps are not enabled by default on client versions of Windows
#

---------------  S U M M A R Y ------------

Command Line: -javaagent:C:\Program Files\JetBrains\IntelliJ IDEA Community Edition 2024.2.4\lib\idea_rt.jar=62192:C:\Program Files\JetBrains\IntelliJ IDEA Community Edition 2024.2.4\bin -Dfile.encoding=UTF-8 -Dsun.stdout.encoding=UTF-8 -Dsun.stderr.encoding=UTF-8 FashionFlow.inventory_service.InventoryServiceApplication

Host: Intel(R) Core(TM) i7-10750H CPU @ 2.60GHz, 12 cores, 15G,  Windows 11 , 64 bit Build 22621 (10.0.22621.4391)
Time: Wed Nov 20 16:55:15 2024 Sri Lanka Standard Time elapsed time: 0.434384 seconds (0d 0h 0m 0s)

---------------  T H R E A D  ---------------

Current thread (0x000001d8c4169920):  JavaThread "C1 CompilerThread0" daemon [_thread_in_vm, id=13648, stack(0x0000006b87100000,0x0000006b87200000) (1024K)]


Current CompileTask:
C1:    434  958       3       org.springframework.util.ConcurrentReferenceHashMap$Segment::restructureIfNecessary (56 bytes)

Stack: [0x0000006b87100000,0x0000006b87200000]
Native frames: (J=compiled Java code, j=interpreted, Vv=VM code, C=native code)
V  [jvm.dll+0x6c9029]
V  [jvm.dll+0x854b81]
V  [jvm.dll+0x856e5e]
V  [jvm.dll+0x857543]
V  [jvm.dll+0x280c06]
V  [jvm.dll+0x8508ae]
V  [jvm.dll+0x66ca45]
V  [jvm.dll+0x1e677c]
V  [jvm.dll+0x1e654e]
V  [jvm.dll+0x66f35c]
V  [jvm.dll+0x66f172]
V  [jvm.dll+0x66d41e]
V  [jvm.dll+0x67e69a]
V  [jvm.dll+0x677932]
V  [jvm.dll+0x1f4390]
V  [jvm.dll+0x1f4578]
V  [jvm.dll+0x153f0e]
V  [jvm.dll+0x154244]
V  [jvm.dll+0x153686]
V  [jvm.dll+0x1553ed]
V  [jvm.dll+0x2586b9]
V  [jvm.dll+0x256c9a]
V  [jvm.dll+0x3ef1b6]
V  [jvm.dll+0x7fd728]
V  [jvm.dll+0x6c777d]
C  [ucrtbase.dll+0x29333]
C  [KERNEL32.DLL+0x1259d]
C  [ntdll.dll+0x5af38]


---------------  P R O C E S S  ---------------

Threads class SMR info:
_java_thread_list=0x000001d8c4645080, length=14, elements={
0x000001d8a4c369e0, 0x000001d8c41553b0, 0x000001d8c41562d0, 0x000001d8c415a4a0,
0x000001d8c415b390, 0x000001d8c415bdf0, 0x000001d8c4164990, 0x000001d8c4168d50,
0x000001d8c4169920, 0x000001d8c432c4e0, 0x000001d8c4432920, 0x000001d8c444fd70,
0x000001d8c4625a10, 0x000001d8c46a8c60
}

Java Threads: ( => current thread )
  0x000001d8a4c369e0 JavaThread "main"                              [_thread_in_vm, id=41500, stack(0x0000006b86200000,0x0000006b86300000) (1024K)]
  0x000001d8c41553b0 JavaThread "Reference Handler"          daemon [_thread_blocked, id=12328, stack(0x0000006b86a00000,0x0000006b86b00000) (1024K)]
  0x000001d8c41562d0 JavaThread "Finalizer"                  daemon [_thread_blocked, id=40724, stack(0x0000006b86b00000,0x0000006b86c00000) (1024K)]
  0x000001d8c415a4a0 JavaThread "Signal Dispatcher"          daemon [_thread_blocked, id=22328, stack(0x0000006b86c00000,0x0000006b86d00000) (1024K)]
  0x000001d8c415b390 JavaThread "Attach Listener"            daemon [_thread_blocked, id=38192, stack(0x0000006b86d00000,0x0000006b86e00000) (1024K)]
  0x000001d8c415bdf0 JavaThread "Service Thread"             daemon [_thread_blocked, id=40716, stack(0x0000006b86e00000,0x0000006b86f00000) (1024K)]
  0x000001d8c4164990 JavaThread "Monitor Deflation Thread"   daemon [_thread_blocked, id=38696, stack(0x0000006b86f00000,0x0000006b87000000) (1024K)]
  0x000001d8c4168d50 JavaThread "C2 CompilerThread0"         daemon [_thread_blocked, id=21680, stack(0x0000006b87000000,0x0000006b87100000) (1024K)]
=>0x000001d8c4169920 JavaThread "C1 CompilerThread0"         daemon [_thread_in_vm, id=13648, stack(0x0000006b87100000,0x0000006b87200000) (1024K)]
  0x000001d8c432c4e0 JavaThread "Common-Cleaner"             daemon [_thread_blocked, id=13864, stack(0x0000006b87200000,0x0000006b87300000) (1024K)]
  0x000001d8c4432920 JavaThread "C2 CompilerThread1"         daemon [_thread_blocked, id=19008, stack(0x0000006b87300000,0x0000006b87400000) (1024K)]
  0x000001d8c444fd70 JavaThread "C2 CompilerThread2"         daemon [_thread_blocked, id=27288, stack(0x0000006b87400000,0x0000006b87500000) (1024K)]
  0x000001d8c4625a10 JavaThread "Monitor Ctrl-Break"         daemon [_thread_in_native, id=27572, stack(0x0000006b87500000,0x0000006b87600000) (1024K)]
  0x000001d8c46a8c60 JavaThread "Notification Thread"        daemon [_thread_blocked, id=37908, stack(0x0000006b87600000,0x0000006b87700000) (1024K)]
Total: 14

Other Threads:
  0x000001d8c4136500 VMThread "VM Thread"                           [id=29584, stack(0x0000006b86900000,0x0000006b86a00000) (1024K)]
  0x000001d8c411d8c0 WatcherThread "VM Periodic Task Thread"        [id=31616, stack(0x0000006b86800000,0x0000006b86900000) (1024K)]
  0x000001d8a4c9de40 WorkerThread "GC Thread#0"                     [id=39644, stack(0x0000006b86300000,0x0000006b86400000) (1024K)]
  0x000001d8a4caec90 ConcurrentGCThread "G1 Main Marker"            [id=16128, stack(0x0000006b86400000,0x0000006b86500000) (1024K)]
  0x000001d8a4caf790 WorkerThread "G1 Conc#0"                       [id=4864, stack(0x0000006b86500000,0x0000006b86600000) (1024K)]
  0x000001d8c3ff4630 ConcurrentGCThread "G1 Refine#0"               [id=26908, stack(0x0000006b86600000,0x0000006b86700000) (1024K)]
  0x000001d8c3ff4f40 ConcurrentGCThread "G1 Service"                [id=41556, stack(0x0000006b86700000,0x0000006b86800000) (1024K)]
Total: 7

Threads with active compile tasks:
C1 CompilerThread0      451  958       3       org.springframework.util.ConcurrentReferenceHashMap$Segment::restructureIfNecessary (56 bytes)
Total: 1

VM state: not at safepoint (normal execution)

VM Mutex/Monitor currently owned by a thread:  ([mutex/lock_event])
[0x00007ffa26c08578] Metaspace_lock - owner thread: 0x000001d8c4169920

Heap address: 0x0000000703400000, size: 4044 MB, Compressed Oops mode: Zero based, Oop shift amount: 3

CDS archive(s) mapped at: [0x000001d8c5000000-0x000001d8c5c90000-0x000001d8c5c90000), size 13172736, SharedBaseAddress: 0x000001d8c5000000, ArchiveRelocationMode: 1.
Compressed class space mapped at: 0x000001d8c6000000-0x000001d906000000, reserved size: 1073741824
Narrow klass base: 0x000001d8c5000000, Narrow klass shift: 0, Narrow klass range: 0x100000000

GC Precious Log:
 CardTable entry size: 512
 Card Set container configuration: InlinePtr #cards 4 size 8 Array Of Cards #cards 16 size 48 Howl #buckets 8 coarsen threshold 3686 Howl Bitmap #cards 512 size 80 coarsen threshold 460 Card regions per heap region 1 cards per card region 4096
 CPUs: 12 total, 12 available
 Memory: 16170M
 Large Page Support: Disabled
 NUMA Support: Disabled
 Compressed Oops: Enabled (Zero based)
 Heap Region Size: 2M
 Heap Min Capacity: 8M
 Heap Initial Capacity: 254M
 Heap Max Capacity: 4044M
 Pre-touch: Disabled
 Parallel Workers: 10
 Concurrent Workers: 3
 Concurrent Refinement Workers: 10
 Periodic GC: Disabled

Heap:
 garbage-first heap   total 260096K, used 14336K [0x0000000703400000, 0x0000000800000000)
  region size 2048K, 9 young (18432K), 0 survivors (0K)
 Metaspace       used 4508K, committed 4672K, reserved 1114112K
  class space    used 496K, committed 576K, reserved 1048576K

Heap Regions: E=young(eden), S=young(survivor), O=old, HS=humongous(starts), HC=humongous(continues), CS=collection set, F=free, TAMS=top-at-mark-start, PB=parsable bottom
|   0|0x0000000703400000, 0x0000000703400000, 0x0000000703600000|  0%| F|  |TAMS 0x0000000703400000| PB 0x0000000703400000| Untracked 
|   1|0x0000000703600000, 0x0000000703600000, 0x0000000703800000|  0%| F|  |TAMS 0x0000000703600000| PB 0x0000000703600000| Untracked 
|   2|0x0000000703800000, 0x0000000703800000, 0x0000000703a00000|  0%| F|  |TAMS 0x0000000703800000| PB 0x0000000703800000| Untracked 
|   3|0x0000000703a00000, 0x0000000703a00000, 0x0000000703c00000|  0%| F|  |TAMS 0x0000000703a00000| PB 0x0000000703a00000| Untracked 
|   4|0x0000000703c00000, 0x0000000703c00000, 0x0000000703e00000|  0%| F|  |TAMS 0x0000000703c00000| PB 0x0000000703c00000| Untracked 
|   5|0x0000000703e00000, 0x0000000703e00000, 0x0000000704000000|  0%| F|  |TAMS 0x0000000703e00000| PB 0x0000000703e00000| Untracked 
|   6|0x0000000704000000, 0x0000000704000000, 0x0000000704200000|  0%| F|  |TAMS 0x0000000704000000| PB 0x0000000704000000| Untracked 
|   7|0x0000000704200000, 0x0000000704200000, 0x0000000704400000|  0%| F|  |TAMS 0x0000000704200000| PB 0x0000000704200000| Untracked 
|   8|0x0000000704400000, 0x0000000704400000, 0x0000000704600000|  0%| F|  |TAMS 0x0000000704400000| PB 0x0000000704400000| Untracked 
|   9|0x0000000704600000, 0x0000000704600000, 0x0000000704800000|  0%| F|  |TAMS 0x0000000704600000| PB 0x0000000704600000| Untracked 
|  10|0x0000000704800000, 0x0000000704800000, 0x0000000704a00000|  0%| F|  |TAMS 0x0000000704800000| PB 0x0000000704800000| Untracked 
|  11|0x0000000704a00000, 0x0000000704a00000, 0x0000000704c00000|  0%| F|  |TAMS 0x0000000704a00000| PB 0x0000000704a00000| Untracked 
|  12|0x0000000704c00000, 0x0000000704c00000, 0x0000000704e00000|  0%| F|  |TAMS 0x0000000704c00000| PB 0x0000000704c00000| Untracked 
|  13|0x0000000704e00000, 0x0000000704e00000, 0x0000000705000000|  0%| F|  |TAMS 0x0000000704e00000| PB 0x0000000704e00000| Untracked 
|  14|0x0000000705000000, 0x0000000705000000, 0x0000000705200000|  0%| F|  |TAMS 0x0000000705000000| PB 0x0000000705000000| Untracked 
|  15|0x0000000705200000, 0x0000000705200000, 0x0000000705400000|  0%| F|  |TAMS 0x0000000705200000| PB 0x0000000705200000| Untracked 
|  16|0x0000000705400000, 0x0000000705400000, 0x0000000705600000|  0%| F|  |TAMS 0x0000000705400000| PB 0x0000000705400000| Untracked 
|  17|0x0000000705600000, 0x0000000705600000, 0x0000000705800000|  0%| F|  |TAMS 0x0000000705600000| PB 0x0000000705600000| Untracked 
|  18|0x0000000705800000, 0x0000000705800000, 0x0000000705a00000|  0%| F|  |TAMS 0x0000000705800000| PB 0x0000000705800000| Untracked 
|  19|0x0000000705a00000, 0x0000000705a00000, 0x0000000705c00000|  0%| F|  |TAMS 0x0000000705a00000| PB 0x0000000705a00000| Untracked 
|  20|0x0000000705c00000, 0x0000000705c00000, 0x0000000705e00000|  0%| F|  |TAMS 0x0000000705c00000| PB 0x0000000705c00000| Untracked 
|  21|0x0000000705e00000, 0x0000000705e00000, 0x0000000706000000|  0%| F|  |TAMS 0x0000000705e00000| PB 0x0000000705e00000| Untracked 
|  22|0x0000000706000000, 0x0000000706000000, 0x0000000706200000|  0%| F|  |TAMS 0x0000000706000000| PB 0x0000000706000000| Untracked 
|  23|0x0000000706200000, 0x0000000706200000, 0x0000000706400000|  0%| F|  |TAMS 0x0000000706200000| PB 0x0000000706200000| Untracked 
|  24|0x0000000706400000, 0x0000000706400000, 0x0000000706600000|  0%| F|  |TAMS 0x0000000706400000| PB 0x0000000706400000| Untracked 
|  25|0x0000000706600000, 0x0000000706600000, 0x0000000706800000|  0%| F|  |TAMS 0x0000000706600000| PB 0x0000000706600000| Untracked 
|  26|0x0000000706800000, 0x0000000706800000, 0x0000000706a00000|  0%| F|  |TAMS 0x0000000706800000| PB 0x0000000706800000| Untracked 
|  27|0x0000000706a00000, 0x0000000706a00000, 0x0000000706c00000|  0%| F|  |TAMS 0x0000000706a00000| PB 0x0000000706a00000| Untracked 
|  28|0x0000000706c00000, 0x0000000706c00000, 0x0000000706e00000|  0%| F|  |TAMS 0x0000000706c00000| PB 0x0000000706c00000| Untracked 
|  29|0x0000000706e00000, 0x0000000706e00000, 0x0000000707000000|  0%| F|  |TAMS 0x0000000706e00000| PB 0x0000000706e00000| Untracked 
|  30|0x0000000707000000, 0x0000000707000000, 0x0000000707200000|  0%| F|  |TAMS 0x0000000707000000| PB 0x0000000707000000| Untracked 
|  31|0x0000000707200000, 0x0000000707200000, 0x0000000707400000|  0%| F|  |TAMS 0x0000000707200000| PB 0x0000000707200000| Untracked 
|  32|0x0000000707400000, 0x0000000707400000, 0x0000000707600000|  0%| F|  |TAMS 0x0000000707400000| PB 0x0000000707400000| Untracked 
|  33|0x0000000707600000, 0x0000000707600000, 0x0000000707800000|  0%| F|  |TAMS 0x0000000707600000| PB 0x0000000707600000| Untracked 
|  34|0x0000000707800000, 0x0000000707800000, 0x0000000707a00000|  0%| F|  |TAMS 0x0000000707800000| PB 0x0000000707800000| Untracked 
|  35|0x0000000707a00000, 0x0000000707a00000, 0x0000000707c00000|  0%| F|  |TAMS 0x0000000707a00000| PB 0x0000000707a00000| Untracked 
|  36|0x0000000707c00000, 0x0000000707c00000, 0x0000000707e00000|  0%| F|  |TAMS 0x0000000707c00000| PB 0x0000000707c00000| Untracked 
|  37|0x0000000707e00000, 0x0000000707e00000, 0x0000000708000000|  0%| F|  |TAMS 0x0000000707e00000| PB 0x0000000707e00000| Untracked 
|  38|0x0000000708000000, 0x0000000708000000, 0x0000000708200000|  0%| F|  |TAMS 0x0000000708000000| PB 0x0000000708000000| Untracked 
|  39|0x0000000708200000, 0x0000000708200000, 0x0000000708400000|  0%| F|  |TAMS 0x0000000708200000| PB 0x0000000708200000| Untracked 
|  40|0x0000000708400000, 0x0000000708400000, 0x0000000708600000|  0%| F|  |TAMS 0x0000000708400000| PB 0x0000000708400000| Untracked 
|  41|0x0000000708600000, 0x0000000708600000, 0x0000000708800000|  0%| F|  |TAMS 0x0000000708600000| PB 0x0000000708600000| Untracked 
|  42|0x0000000708800000, 0x0000000708800000, 0x0000000708a00000|  0%| F|  |TAMS 0x0000000708800000| PB 0x0000000708800000| Untracked 
|  43|0x0000000708a00000, 0x0000000708a00000, 0x0000000708c00000|  0%| F|  |TAMS 0x0000000708a00000| PB 0x0000000708a00000| Untracked 
|  44|0x0000000708c00000, 0x0000000708c00000, 0x0000000708e00000|  0%| F|  |TAMS 0x0000000708c00000| PB 0x0000000708c00000| Untracked 
|  45|0x0000000708e00000, 0x0000000708e00000, 0x0000000709000000|  0%| F|  |TAMS 0x0000000708e00000| PB 0x0000000708e00000| Untracked 
|  46|0x0000000709000000, 0x0000000709000000, 0x0000000709200000|  0%| F|  |TAMS 0x0000000709000000| PB 0x0000000709000000| Untracked 
|  47|0x0000000709200000, 0x0000000709200000, 0x0000000709400000|  0%| F|  |TAMS 0x0000000709200000| PB 0x0000000709200000| Untracked 
|  48|0x0000000709400000, 0x0000000709400000, 0x0000000709600000|  0%| F|  |TAMS 0x0000000709400000| PB 0x0000000709400000| Untracked 
|  49|0x0000000709600000, 0x0000000709600000, 0x0000000709800000|  0%| F|  |TAMS 0x0000000709600000| PB 0x0000000709600000| Untracked 
|  50|0x0000000709800000, 0x0000000709800000, 0x0000000709a00000|  0%| F|  |TAMS 0x0000000709800000| PB 0x0000000709800000| Untracked 
|  51|0x0000000709a00000, 0x0000000709a00000, 0x0000000709c00000|  0%| F|  |TAMS 0x0000000709a00000| PB 0x0000000709a00000| Untracked 
|  52|0x0000000709c00000, 0x0000000709c00000, 0x0000000709e00000|  0%| F|  |TAMS 0x0000000709c00000| PB 0x0000000709c00000| Untracked 
|  53|0x0000000709e00000, 0x0000000709e00000, 0x000000070a000000|  0%| F|  |TAMS 0x0000000709e00000| PB 0x0000000709e00000| Untracked 
|  54|0x000000070a000000, 0x000000070a000000, 0x000000070a200000|  0%| F|  |TAMS 0x000000070a000000| PB 0x000000070a000000| Untracked 
|  55|0x000000070a200000, 0x000000070a200000, 0x000000070a400000|  0%| F|  |TAMS 0x000000070a200000| PB 0x000000070a200000| Untracked 
|  56|0x000000070a400000, 0x000000070a400000, 0x000000070a600000|  0%| F|  |TAMS 0x000000070a400000| PB 0x000000070a400000| Untracked 
|  57|0x000000070a600000, 0x000000070a600000, 0x000000070a800000|  0%| F|  |TAMS 0x000000070a600000| PB 0x000000070a600000| Untracked 
|  58|0x000000070a800000, 0x000000070a800000, 0x000000070aa00000|  0%| F|  |TAMS 0x000000070a800000| PB 0x000000070a800000| Untracked 
|  59|0x000000070aa00000, 0x000000070aa00000, 0x000000070ac00000|  0%| F|  |TAMS 0x000000070aa00000| PB 0x000000070aa00000| Untracked 
|  60|0x000000070ac00000, 0x000000070ac00000, 0x000000070ae00000|  0%| F|  |TAMS 0x000000070ac00000| PB 0x000000070ac00000| Untracked 
|  61|0x000000070ae00000, 0x000000070ae00000, 0x000000070b000000|  0%| F|  |TAMS 0x000000070ae00000| PB 0x000000070ae00000| Untracked 
|  62|0x000000070b000000, 0x000000070b000000, 0x000000070b200000|  0%| F|  |TAMS 0x000000070b000000| PB 0x000000070b000000| Untracked 
|  63|0x000000070b200000, 0x000000070b200000, 0x000000070b400000|  0%| F|  |TAMS 0x000000070b200000| PB 0x000000070b200000| Untracked 
|  64|0x000000070b400000, 0x000000070b400000, 0x000000070b600000|  0%| F|  |TAMS 0x000000070b400000| PB 0x000000070b400000| Untracked 
|  65|0x000000070b600000, 0x000000070b600000, 0x000000070b800000|  0%| F|  |TAMS 0x000000070b600000| PB 0x000000070b600000| Untracked 
|  66|0x000000070b800000, 0x000000070b800000, 0x000000070ba00000|  0%| F|  |TAMS 0x000000070b800000| PB 0x000000070b800000| Untracked 
|  67|0x000000070ba00000, 0x000000070ba00000, 0x000000070bc00000|  0%| F|  |TAMS 0x000000070ba00000| PB 0x000000070ba00000| Untracked 
|  68|0x000000070bc00000, 0x000000070bc00000, 0x000000070be00000|  0%| F|  |TAMS 0x000000070bc00000| PB 0x000000070bc00000| Untracked 
|  69|0x000000070be00000, 0x000000070be00000, 0x000000070c000000|  0%| F|  |TAMS 0x000000070be00000| PB 0x000000070be00000| Untracked 
|  70|0x000000070c000000, 0x000000070c000000, 0x000000070c200000|  0%| F|  |TAMS 0x000000070c000000| PB 0x000000070c000000| Untracked 
|  71|0x000000070c200000, 0x000000070c200000, 0x000000070c400000|  0%| F|  |TAMS 0x000000070c200000| PB 0x000000070c200000| Untracked 
|  72|0x000000070c400000, 0x000000070c400000, 0x000000070c600000|  0%| F|  |TAMS 0x000000070c400000| PB 0x000000070c400000| Untracked 
|  73|0x000000070c600000, 0x000000070c600000, 0x000000070c800000|  0%| F|  |TAMS 0x000000070c600000| PB 0x000000070c600000| Untracked 
|  74|0x000000070c800000, 0x000000070c800000, 0x000000070ca00000|  0%| F|  |TAMS 0x000000070c800000| PB 0x000000070c800000| Untracked 
|  75|0x000000070ca00000, 0x000000070ca00000, 0x000000070cc00000|  0%| F|  |TAMS 0x000000070ca00000| PB 0x000000070ca00000| Untracked 
|  76|0x000000070cc00000, 0x000000070cc00000, 0x000000070ce00000|  0%| F|  |TAMS 0x000000070cc00000| PB 0x000000070cc00000| Untracked 
|  77|0x000000070ce00000, 0x000000070ce00000, 0x000000070d000000|  0%| F|  |TAMS 0x000000070ce00000| PB 0x000000070ce00000| Untracked 
|  78|0x000000070d000000, 0x000000070d000000, 0x000000070d200000|  0%| F|  |TAMS 0x000000070d000000| PB 0x000000070d000000| Untracked 
|  79|0x000000070d200000, 0x000000070d200000, 0x000000070d400000|  0%| F|  |TAMS 0x000000070d200000| PB 0x000000070d200000| Untracked 
|  80|0x000000070d400000, 0x000000070d400000, 0x000000070d600000|  0%| F|  |TAMS 0x000000070d400000| PB 0x000000070d400000| Untracked 
|  81|0x000000070d600000, 0x000000070d600000, 0x000000070d800000|  0%| F|  |TAMS 0x000000070d600000| PB 0x000000070d600000| Untracked 
|  82|0x000000070d800000, 0x000000070d800000, 0x000000070da00000|  0%| F|  |TAMS 0x000000070d800000| PB 0x000000070d800000| Untracked 
|  83|0x000000070da00000, 0x000000070da00000, 0x000000070dc00000|  0%| F|  |TAMS 0x000000070da00000| PB 0x000000070da00000| Untracked 
|  84|0x000000070dc00000, 0x000000070dc00000, 0x000000070de00000|  0%| F|  |TAMS 0x000000070dc00000| PB 0x000000070dc00000| Untracked 
|  85|0x000000070de00000, 0x000000070de00000, 0x000000070e000000|  0%| F|  |TAMS 0x000000070de00000| PB 0x000000070de00000| Untracked 
|  86|0x000000070e000000, 0x000000070e000000, 0x000000070e200000|  0%| F|  |TAMS 0x000000070e000000| PB 0x000000070e000000| Untracked 
|  87|0x000000070e200000, 0x000000070e200000, 0x000000070e400000|  0%| F|  |TAMS 0x000000070e200000| PB 0x000000070e200000| Untracked 
|  88|0x000000070e400000, 0x000000070e400000, 0x000000070e600000|  0%| F|  |TAMS 0x000000070e400000| PB 0x000000070e400000| Untracked 
|  89|0x000000070e600000, 0x000000070e600000, 0x000000070e800000|  0%| F|  |TAMS 0x000000070e600000| PB 0x000000070e600000| Untracked 
|  90|0x000000070e800000, 0x000000070e800000, 0x000000070ea00000|  0%| F|  |TAMS 0x000000070e800000| PB 0x000000070e800000| Untracked 
|  91|0x000000070ea00000, 0x000000070ea00000, 0x000000070ec00000|  0%| F|  |TAMS 0x000000070ea00000| PB 0x000000070ea00000| Untracked 
|  92|0x000000070ec00000, 0x000000070ec00000, 0x000000070ee00000|  0%| F|  |TAMS 0x000000070ec00000| PB 0x000000070ec00000| Untracked 
|  93|0x000000070ee00000, 0x000000070ee00000, 0x000000070f000000|  0%| F|  |TAMS 0x000000070ee00000| PB 0x000000070ee00000| Untracked 
|  94|0x000000070f000000, 0x000000070f000000, 0x000000070f200000|  0%| F|  |TAMS 0x000000070f000000| PB 0x000000070f000000| Untracked 
|  95|0x000000070f200000, 0x000000070f200000, 0x000000070f400000|  0%| F|  |TAMS 0x000000070f200000| PB 0x000000070f200000| Untracked 
|  96|0x000000070f400000, 0x000000070f400000, 0x000000070f600000|  0%| F|  |TAMS 0x000000070f400000| PB 0x000000070f400000| Untracked 
|  97|0x000000070f600000, 0x000000070f600000, 0x000000070f800000|  0%| F|  |TAMS 0x000000070f600000| PB 0x000000070f600000| Untracked 
|  98|0x000000070f800000, 0x000000070f800000, 0x000000070fa00000|  0%| F|  |TAMS 0x000000070f800000| PB 0x000000070f800000| Untracked 
|  99|0x000000070fa00000, 0x000000070fa00000, 0x000000070fc00000|  0%| F|  |TAMS 0x000000070fa00000| PB 0x000000070fa00000| Untracked 
| 100|0x000000070fc00000, 0x000000070fc00000, 0x000000070fe00000|  0%| F|  |TAMS 0x000000070fc00000| PB 0x000000070fc00000| Untracked 
| 101|0x000000070fe00000, 0x000000070fe00000, 0x0000000710000000|  0%| F|  |TAMS 0x000000070fe00000| PB 0x000000070fe00000| Untracked 
| 102|0x0000000710000000, 0x0000000710000000, 0x0000000710200000|  0%| F|  |TAMS 0x0000000710000000| PB 0x0000000710000000| Untracked 
| 103|0x0000000710200000, 0x0000000710200000, 0x0000000710400000|  0%| F|  |TAMS 0x0000000710200000| PB 0x0000000710200000| Untracked 
| 104|0x0000000710400000, 0x0000000710400000, 0x0000000710600000|  0%| F|  |TAMS 0x0000000710400000| PB 0x0000000710400000| Untracked 
| 105|0x0000000710600000, 0x0000000710600000, 0x0000000710800000|  0%| F|  |TAMS 0x0000000710600000| PB 0x0000000710600000| Untracked 
| 106|0x0000000710800000, 0x0000000710800000, 0x0000000710a00000|  0%| F|  |TAMS 0x0000000710800000| PB 0x0000000710800000| Untracked 
| 107|0x0000000710a00000, 0x0000000710a00000, 0x0000000710c00000|  0%| F|  |TAMS 0x0000000710a00000| PB 0x0000000710a00000| Untracked 
| 108|0x0000000710c00000, 0x0000000710c00000, 0x0000000710e00000|  0%| F|  |TAMS 0x0000000710c00000| PB 0x0000000710c00000| Untracked 
| 109|0x0000000710e00000, 0x0000000710e00000, 0x0000000711000000|  0%| F|  |TAMS 0x0000000710e00000| PB 0x0000000710e00000| Untracked 
| 110|0x0000000711000000, 0x0000000711000000, 0x0000000711200000|  0%| F|  |TAMS 0x0000000711000000| PB 0x0000000711000000| Untracked 
| 111|0x0000000711200000, 0x0000000711200000, 0x0000000711400000|  0%| F|  |TAMS 0x0000000711200000| PB 0x0000000711200000| Untracked 
| 112|0x0000000711400000, 0x0000000711400000, 0x0000000711600000|  0%| F|  |TAMS 0x0000000711400000| PB 0x0000000711400000| Untracked 
| 113|0x0000000711600000, 0x0000000711600000, 0x0000000711800000|  0%| F|  |TAMS 0x0000000711600000| PB 0x0000000711600000| Untracked 
| 114|0x0000000711800000, 0x0000000711800000, 0x0000000711a00000|  0%| F|  |TAMS 0x0000000711800000| PB 0x0000000711800000| Untracked 
| 115|0x0000000711a00000, 0x0000000711a00000, 0x0000000711c00000|  0%| F|  |TAMS 0x0000000711a00000| PB 0x0000000711a00000| Untracked 
| 116|0x0000000711c00000, 0x0000000711c00000, 0x0000000711e00000|  0%| F|  |TAMS 0x0000000711c00000| PB 0x0000000711c00000| Untracked 
| 117|0x0000000711e00000, 0x0000000711e00000, 0x0000000712000000|  0%| F|  |TAMS 0x0000000711e00000| PB 0x0000000711e00000| Untracked 
| 118|0x0000000712000000, 0x00000007121c6098, 0x0000000712200000| 88%| E|  |TAMS 0x0000000712000000| PB 0x0000000712000000| Complete 
| 119|0x0000000712200000, 0x0000000712400000, 0x0000000712400000|100%| E|CS|TAMS 0x0000000712200000| PB 0x0000000712200000| Complete 
| 120|0x0000000712400000, 0x0000000712600000, 0x0000000712600000|100%| E|CS|TAMS 0x0000000712400000| PB 0x0000000712400000| Complete 
| 121|0x0000000712600000, 0x0000000712800000, 0x0000000712800000|100%| E|CS|TAMS 0x0000000712600000| PB 0x0000000712600000| Complete 
| 122|0x0000000712800000, 0x0000000712a00000, 0x0000000712a00000|100%| E|CS|TAMS 0x0000000712800000| PB 0x0000000712800000| Complete 
| 123|0x0000000712a00000, 0x0000000712c00000, 0x0000000712c00000|100%| E|CS|TAMS 0x0000000712a00000| PB 0x0000000712a00000| Complete 
| 124|0x0000000712c00000, 0x0000000712e00000, 0x0000000712e00000|100%| E|CS|TAMS 0x0000000712c00000| PB 0x0000000712c00000| Complete 
| 125|0x0000000712e00000, 0x0000000713000000, 0x0000000713000000|100%| E|  |TAMS 0x0000000712e00000| PB 0x0000000712e00000| Complete 
| 126|0x0000000713000000, 0x0000000713200000, 0x0000000713200000|100%| E|CS|TAMS 0x0000000713000000| PB 0x0000000713000000| Complete 

Card table byte_map: [0x000001d8bcdc0000,0x000001d8bd5b0000] _byte_map_base: 0x000001d8b95a6000

Marking Bits: (CMBitMap*) 0x000001d8a4c9e540
 Bits: [0x000001d8bd5b0000, 0x000001d8c14e0000)

Polling page: 0x000001d8a2b50000

Metaspace:

Usage:
  Non-class:      3.92 MB used.
      Class:    496.91 KB used.
       Both:      4.40 MB used.

Virtual space:
  Non-class space:       64.00 MB reserved,       4.00 MB (  6%) committed,  1 nodes.
      Class space:        1.00 GB reserved,     576.00 KB ( <1%) committed,  1 nodes.
             Both:        1.06 GB reserved,       4.56 MB ( <1%) committed. 

Chunk freelists:
   Non-Class:  10.23 MB
       Class:  15.44 MB
        Both:  25.68 MB

MaxMetaspaceSize: unlimited
CompressedClassSpaceSize: 1.00 GB
Initial GC threshold: 21.00 MB
Current GC threshold: 21.00 MB
CDS: on
 - commit_granule_bytes: 65536.
 - commit_granule_words: 8192.
 - virtual_space_node_default_size: 8388608.
 - enlarge_chunks_in_place: 1.
 - use_allocation_guard: 0.


Internal statistics:

num_allocs_failed_limit: 0.
num_arena_births: 138.
num_arena_deaths: 0.
num_vsnodes_births: 2.
num_vsnodes_deaths: 0.
num_space_committed: 73.
num_space_uncommitted: 0.
num_chunks_returned_to_freelist: 0.
num_chunks_taken_from_freelist: 288.
num_chunk_merges: 0.
num_chunk_splits: 163.
num_chunks_enlarged: 71.
num_inconsistent_stats: 0.

CodeHeap 'non-profiled nmethods': size=120000Kb used=360Kb max_used=360Kb free=119639Kb
 bounds [0x000001d8b4b50000, 0x000001d8b4dc0000, 0x000001d8bc080000]
CodeHeap 'profiled nmethods': size=120000Kb used=1706Kb max_used=1706Kb free=118293Kb
 bounds [0x000001d8ad080000, 0x000001d8ad2f0000, 0x000001d8b45b0000]
CodeHeap 'non-nmethods': size=5760Kb used=1357Kb max_used=1386Kb free=4402Kb
 bounds [0x000001d8b45b0000, 0x000001d8b4820000, 0x000001d8b4b50000]
 total_blobs=1422 nmethods=959 adapters=368
 compilation: enabled
              stopped_count=0, restarted_count=0
 full_count=0

Compilation events (20 events):
Event: 0.428 Thread 0x000001d8c4169920  946       3       java.lang.invoke.MemberName::checkForTypeAlias (172 bytes)
Event: 0.429 Thread 0x000001d8c4169920 nmethod 946 0x000001d8ad223310 code [0x000001d8ad223760, 0x000001d8ad2253f0]
Event: 0.429 Thread 0x000001d8c4169920  947       3       java.lang.invoke.MethodHandleStatics::dumper (4 bytes)
Event: 0.429 Thread 0x000001d8c4169920 nmethod 947 0x000001d8ad225c10 code [0x000001d8ad225da0, 0x000001d8ad225e98]
Event: 0.429 Thread 0x000001d8c4169920  952       3       java.lang.invoke.MemberName::getInvocationType (56 bytes)
Event: 0.430 Thread 0x000001d8c4169920 nmethod 952 0x000001d8ad225f10 code [0x000001d8ad226140, 0x000001d8ad226a00]
Event: 0.430 Thread 0x000001d8c4169920  955       3       jdk.internal.org.objectweb.asm.Frame::setLocal (65 bytes)
Event: 0.430 Thread 0x000001d8c4169920 nmethod 955 0x000001d8ad226c90 code [0x000001d8ad226e60, 0x000001d8ad2273a0]
Event: 0.430 Thread 0x000001d8c4169920  949       3       java.util.ArrayList::<init> (12 bytes)
Event: 0.430 Thread 0x000001d8c4169920 nmethod 949 0x000001d8ad227590 code [0x000001d8ad227740, 0x000001d8ad2279e8]
Event: 0.430 Thread 0x000001d8c4169920  954       3       java.lang.ref.Reference::<init> (7 bytes)
Event: 0.430 Thread 0x000001d8c4169920 nmethod 954 0x000001d8ad227b10 code [0x000001d8ad227cc0, 0x000001d8ad227f80]
Event: 0.430 Thread 0x000001d8c4169920  956       3       java.lang.invoke.DirectMethodHandle::internalMemberName (8 bytes)
Event: 0.430 Thread 0x000001d8c4169920 nmethod 956 0x000001d8ad228090 code [0x000001d8ad228240, 0x000001d8ad228430]
Event: 0.432 Thread 0x000001d8c4169920  957   !   3       jdk.internal.loader.BuiltinClassLoader::findClassOnClassPathOrNull (64 bytes)
Event: 0.433 Thread 0x000001d8c4432920  960       4       java.util.HashMap::put (13 bytes)
Event: 0.433 Thread 0x000001d8c4169920 nmethod 957 0x000001d8ad228510 code [0x000001d8ad2288a0, 0x000001d8ad229cb0]
Event: 0.433 Thread 0x000001d8c4169920  961       3       java.lang.Integer::numberOfLeadingZeros (79 bytes)
Event: 0.433 Thread 0x000001d8c4169920 nmethod 961 0x000001d8ad22a410 code [0x000001d8ad22a5c0, 0x000001d8ad22a8a8]
Event: 0.433 Thread 0x000001d8c4169920  958       3       org.springframework.util.ConcurrentReferenceHashMap$Segment::restructureIfNecessary (56 bytes)

GC Heap History (0 events):
No events

Dll operation events (10 events):
Event: 0.007 Loaded shared library C:\Program Files\Java\jdk-21\bin\java.dll
Event: 0.036 Loaded shared library C:\Program Files\Java\jdk-21\bin\jsvml.dll
Event: 0.115 Loaded shared library C:\Program Files\Java\jdk-21\bin\zip.dll
Event: 0.118 Loaded shared library C:\Program Files\Java\jdk-21\bin\instrument.dll
Event: 0.122 Loaded shared library C:\Program Files\Java\jdk-21\bin\net.dll
Event: 0.124 Loaded shared library C:\Program Files\Java\jdk-21\bin\nio.dll
Event: 0.126 Loaded shared library C:\Program Files\Java\jdk-21\bin\zip.dll
Event: 0.198 Loaded shared library C:\Program Files\JetBrains\IntelliJ IDEA Community Edition 2024.2.4\bin\breakgen64.dll
Event: 0.205 Loaded shared library C:\Program Files\Java\jdk-21\bin\extnet.dll
Event: 0.228 Loaded shared library C:\Program Files\Java\jdk-21\bin\jimage.dll

Deoptimization events (20 events):
Event: 0.232 Thread 0x000001d8a4c369e0 DEOPT PACKING pc=0x000001d8b4b67a98 sp=0x0000006b862fd9d0
Event: 0.232 Thread 0x000001d8a4c369e0 DEOPT UNPACKING pc=0x000001d8b46046a2 sp=0x0000006b862fd958 mode 2
Event: 0.234 Thread 0x000001d8a4c369e0 DEOPT PACKING pc=0x000001d8ad0cb888 sp=0x0000006b862fcd60
Event: 0.234 Thread 0x000001d8a4c369e0 DEOPT UNPACKING pc=0x000001d8b4604e42 sp=0x0000006b862fc1f0 mode 0
Event: 0.235 Thread 0x000001d8a4c369e0 DEOPT PACKING pc=0x000001d8ad0cb888 sp=0x0000006b862f9520
Event: 0.235 Thread 0x000001d8a4c369e0 DEOPT UNPACKING pc=0x000001d8b4604e42 sp=0x0000006b862f89b0 mode 0
Event: 0.235 Thread 0x000001d8a4c369e0 DEOPT PACKING pc=0x000001d8ad0cb888 sp=0x0000006b862f9520
Event: 0.235 Thread 0x000001d8a4c369e0 DEOPT UNPACKING pc=0x000001d8b4604e42 sp=0x0000006b862f89b0 mode 0
Event: 0.265 Thread 0x000001d8a4c369e0 Uncommon trap: trap_request=0xffffff45 fr.pc=0x000001d8b4b7cc38 relative=0x0000000000000358
Event: 0.265 Thread 0x000001d8a4c369e0 Uncommon trap: reason=unstable_if action=reinterpret pc=0x000001d8b4b7cc38 method=java.io.BufferedReader.implRead()I @ 12 c2
Event: 0.265 Thread 0x000001d8a4c369e0 DEOPT PACKING pc=0x000001d8b4b7cc38 sp=0x0000006b862fc9c0
Event: 0.265 Thread 0x000001d8a4c369e0 DEOPT UNPACKING pc=0x000001d8b46046a2 sp=0x0000006b862fc900 mode 2
Event: 0.299 Thread 0x000001d8a4c369e0 DEOPT PACKING pc=0x000001d8ad107895 sp=0x0000006b862f91c0
Event: 0.299 Thread 0x000001d8a4c369e0 DEOPT UNPACKING pc=0x000001d8b4604e42 sp=0x0000006b862f8610 mode 0
Event: 0.366 Thread 0x000001d8a4c369e0 DEOPT PACKING pc=0x000001d8ad0ca7ce sp=0x0000006b862fa680
Event: 0.366 Thread 0x000001d8a4c369e0 DEOPT UNPACKING pc=0x000001d8b4604e42 sp=0x0000006b862f9af8 mode 0
Event: 0.433 Thread 0x000001d8a4c369e0 Uncommon trap: trap_request=0xffffffde fr.pc=0x000001d8b4b5ec28 relative=0x0000000000000548
Event: 0.433 Thread 0x000001d8a4c369e0 Uncommon trap: reason=class_check action=maybe_recompile pc=0x000001d8b4b5ec28 method=java.util.HashMap.putVal(ILjava/lang/Object;Ljava/lang/Object;ZZ)Ljava/lang/Object; @ 253 c2
Event: 0.433 Thread 0x000001d8a4c369e0 DEOPT PACKING pc=0x000001d8b4b5ec28 sp=0x0000006b862fd880
Event: 0.433 Thread 0x000001d8a4c369e0 DEOPT UNPACKING pc=0x000001d8b46046a2 sp=0x0000006b862fd840 mode 2

Classes loaded (20 events):
Event: 0.408 Loading class java/util/concurrent/CountDownLatch
Event: 0.408 Loading class java/util/concurrent/CountDownLatch done
Event: 0.408 Loading class java/util/concurrent/CountDownLatch$Sync
Event: 0.408 Loading class java/util/concurrent/CountDownLatch$Sync done
Event: 0.409 Loading class java/lang/StackWalker$Option
Event: 0.409 Loading class java/lang/StackWalker$Option done
Event: 0.409 Loading class java/lang/StackStreamFactory
Event: 0.409 Loading class java/lang/StackStreamFactory done
Event: 0.409 Loading class java/lang/StackWalker$ExtendedOption
Event: 0.409 Loading class java/lang/StackWalker$ExtendedOption done
Event: 0.409 Loading class java/lang/StackStreamFactory$StackFrameTraverser
Event: 0.409 Loading class java/lang/StackStreamFactory$StackFrameTraverser done
Event: 0.409 Loading class java/lang/StackStreamFactory$WalkerState
Event: 0.409 Loading class java/lang/StackStreamFactory$WalkerState done
Event: 0.409 Loading class java/lang/StackStreamFactory$StackFrameTraverser$StackFrameBuffer
Event: 0.409 Loading class java/lang/StackStreamFactory$FrameBuffer
Event: 0.409 Loading class java/lang/StackStreamFactory$FrameBuffer done
Event: 0.409 Loading class java/lang/StackStreamFactory$StackFrameTraverser$StackFrameBuffer done
Event: 0.413 Loading class java/util/concurrent/RejectedExecutionException
Event: 0.413 Loading class java/util/concurrent/RejectedExecutionException done

Classes unloaded (0 events):
No events

Classes redefined (0 events):
No events

Internal exceptions (13 events):
Event: 0.191 Thread 0x000001d8a4c369e0 Exception <a 'java/lang/NoSuchMethodError'{0x0000000712bfa110}: 'void java.lang.invoke.DirectMethodHandle$Holder.invokeStatic(java.lang.Object, java.lang.Object, java.lang.Object)'> (0x0000000712bfa110) 
thrown [s\open\src\hotspot\share\interpreter\linkResolver.cpp, line 773]
Event: 0.195 Thread 0x000001d8a4c369e0 Exception <a 'java/lang/NoSuchMethodError'{0x0000000712864738}: 'java.lang.Object java.lang.invoke.Invokers$Holder.invokeExact_MT(java.lang.Object, java.lang.Object, java.lang.Object, java.lang.Object, java.lang.Object)'> (0x0000000712864738) 
thrown [s\open\src\hotspot\share\interpreter\linkResolver.cpp, line 773]
Event: 0.207 Thread 0x000001d8c4625a10 Exception <a 'java/lang/NoSuchMethodError'{0x00000007128cbb10}: 'void java.lang.invoke.DirectMethodHandle$Holder.invokeStatic(java.lang.Object, java.lang.Object)'> (0x00000007128cbb10) 
thrown [s\open\src\hotspot\share\interpreter\linkResolver.cpp, line 773]
Event: 0.264 Thread 0x000001d8a4c369e0 Exception <a 'java/lang/ClassNotFoundException'{0x00000007126c38f0}: javax/smartcardio/CardPermission> (0x00000007126c38f0) 
thrown [s\open\src\hotspot\share\classfile\systemDictionary.cpp, line 312]
Event: 0.267 Thread 0x000001d8a4c369e0 Exception <a 'java/io/FileNotFoundException'{0x00000007126d22c8}> (0x00000007126d22c8) 
thrown [s\open\src\hotspot\share\prims\jni.cpp, line 520]
Event: 0.287 Thread 0x000001d8a4c369e0 Exception <a 'java/lang/NoSuchMethodError'{0x000000071275ba58}: 'java.lang.Object java.lang.invoke.DirectMethodHandle$Holder.invokeSpecial(java.lang.Object, java.lang.Object, java.lang.Object, long, java.lang.Object)'> (0x000000071275ba58) 
thrown [s\open\src\hotspot\share\interpreter\linkResolver.cpp, line 773]
Event: 0.288 Thread 0x000001d8a4c369e0 Exception <a 'java/lang/NoSuchMethodError'{0x000000071275f3a8}: 'java.lang.Object java.lang.invoke.Invokers$Holder.linkToTargetMethod(java.lang.Object, long, java.lang.Object, java.lang.Object)'> (0x000000071275f3a8) 
thrown [s\open\src\hotspot\share\interpreter\linkResolver.cpp, line 773]
Event: 0.340 Thread 0x000001d8a4c369e0 Exception <a 'java/lang/NoSuchMethodError'{0x0000000712566ea8}: 'void java.lang.invoke.DirectMethodHandle$Holder.invokeStatic(java.lang.Object, java.lang.Object, java.lang.Object, java.lang.Object)'> (0x0000000712566ea8) 
thrown [s\open\src\hotspot\share\interpreter\linkResolver.cpp, line 773]
Event: 0.363 Thread 0x000001d8a4c369e0 Exception <a 'java/lang/NoSuchMethodError'{0x0000000712280608}: 'int java.lang.invoke.DirectMethodHandle$Holder.invokeStaticInit(java.lang.Object, java.lang.Object)'> (0x0000000712280608) 
thrown [s\open\src\hotspot\share\interpreter\linkResolver.cpp, line 773]
Event: 0.369 Thread 0x000001d8a4c369e0 Exception <a 'java/lang/NoSuchMethodError'{0x00000007122c1f08}: 'void java.lang.invoke.DirectMethodHandle$Holder.invokeInterface(java.lang.Object, java.lang.Object, java.lang.Object, java.lang.Object)'> (0x00000007122c1f08) 
thrown [s\open\src\hotspot\share\interpreter\linkResolver.cpp, line 773]
Event: 0.410 Thread 0x000001d8a4c369e0 Exception <a 'java/lang/NoSuchMethodError'{0x00000007120862b8}: 'java.lang.Object java.lang.invoke.DirectMethodHandle$Holder.invokeInterface(java.lang.Object, java.lang.Object)'> (0x00000007120862b8) 
thrown [s\open\src\hotspot\share\interpreter\linkResolver.cpp, line 773]
Event: 0.415 Thread 0x000001d8a4c369e0 Exception <a 'java/lang/NoSuchMethodError'{0x00000007120cae88}: 'java.lang.Object java.lang.invoke.DirectMethodHandle$Holder.invokeSpecialIFC(java.lang.Object, java.lang.Object, java.lang.Object, java.lang.Object)'> (0x00000007120cae88) 
thrown [s\open\src\hotspot\share\interpreter\linkResolver.cpp, line 773]
Event: 0.418 Thread 0x000001d8a4c369e0 Exception <a 'java/lang/NoSuchMethodError'{0x00000007120e54f8}: 'java.lang.Object java.lang.invoke.DirectMethodHandle$Holder.invokeInterface(java.lang.Object, java.lang.Object, java.lang.Object)'> (0x00000007120e54f8) 
thrown [s\open\src\hotspot\share\interpreter\linkResolver.cpp, line 773]

ZGC Phase Switch (0 events):
No events

VM Operations (6 events):
Event: 0.105 Executing VM operation: HandshakeAllThreads (Deoptimize)
Event: 0.105 Executing VM operation: HandshakeAllThreads (Deoptimize) done
Event: 0.232 Executing VM operation: HandshakeAllThreads (Deoptimize)
Event: 0.232 Executing VM operation: HandshakeAllThreads (Deoptimize) done
Event: 0.408 Executing VM operation: HandshakeAllThreads (Deoptimize)
Event: 0.408 Executing VM operation: HandshakeAllThreads (Deoptimize) done

Events (14 events):
Event: 0.023 Thread 0x000001d8a4c369e0 Thread added: 0x000001d8a4c369e0
Event: 0.034 Thread 0x000001d8c41553b0 Thread added: 0x000001d8c41553b0
Event: 0.034 Thread 0x000001d8c41562d0 Thread added: 0x000001d8c41562d0
Event: 0.035 Thread 0x000001d8c415a4a0 Thread added: 0x000001d8c415a4a0
Event: 0.035 Thread 0x000001d8c415b390 Thread added: 0x000001d8c415b390
Event: 0.035 Thread 0x000001d8c415bdf0 Thread added: 0x000001d8c415bdf0
Event: 0.035 Thread 0x000001d8c4164990 Thread added: 0x000001d8c4164990
Event: 0.035 Thread 0x000001d8c4168d50 Thread added: 0x000001d8c4168d50
Event: 0.035 Thread 0x000001d8c4169920 Thread added: 0x000001d8c4169920
Event: 0.099 Thread 0x000001d8c432c4e0 Thread added: 0x000001d8c432c4e0
Event: 0.135 Thread 0x000001d8c4432920 Thread added: 0x000001d8c4432920
Event: 0.135 Thread 0x000001d8c444fd70 Thread added: 0x000001d8c444fd70
Event: 0.199 Thread 0x000001d8c4625a10 Thread added: 0x000001d8c4625a10
Event: 0.199 Thread 0x000001d8c46a8c60 Thread added: 0x000001d8c46a8c60


Dynamic libraries:
0x00007ff6a5330000 - 0x00007ff6a5340000 	C:\Program Files\Java\jdk-21\bin\java.exe
0x00007ffab60d0000 - 0x00007ffab62e7000 	C:\WINDOWS\SYSTEM32\ntdll.dll
0x00007ffab4a00000 - 0x00007ffab4ac4000 	C:\WINDOWS\System32\KERNEL32.DLL
0x00007ffab36b0000 - 0x00007ffab3a69000 	C:\WINDOWS\System32\KERNELBASE.dll
0x00007ffab3b10000 - 0x00007ffab3c21000 	C:\WINDOWS\System32\ucrtbase.dll
0x00007ffa5bf30000 - 0x00007ffa5bf49000 	C:\Program Files\Java\jdk-21\bin\jli.dll
0x00007ffa5bf50000 - 0x00007ffa5bf6b000 	C:\Program Files\Java\jdk-21\bin\VCRUNTIME140.dll
0x00007ffab45c0000 - 0x00007ffab4672000 	C:\WINDOWS\System32\ADVAPI32.dll
0x00007ffab5cb0000 - 0x00007ffab5d57000 	C:\WINDOWS\System32\msvcrt.dll
0x00007ffab3e50000 - 0x00007ffab3ef7000 	C:\WINDOWS\System32\sechost.dll
0x00007ffab3dc0000 - 0x00007ffab3de8000 	C:\WINDOWS\System32\bcrypt.dll
0x00007ffab5e40000 - 0x00007ffab5f54000 	C:\WINDOWS\System32\RPCRT4.dll
0x00007ffab4780000 - 0x00007ffab492e000 	C:\WINDOWS\System32\USER32.dll
0x00007ffab33d0000 - 0x00007ffab33f6000 	C:\WINDOWS\System32\win32u.dll
0x00007ffab4720000 - 0x00007ffab4749000 	C:\WINDOWS\System32\GDI32.dll
0x00007ffa99170000 - 0x00007ffa99402000 	C:\WINDOWS\WinSxS\amd64_microsoft.windows.common-controls_6595b64144ccf1df_6.0.22621.4391_none_2715d37f73803e96\COMCTL32.dll
0x00007ffab3c30000 - 0x00007ffab3d4b000 	C:\WINDOWS\System32\gdi32full.dll
0x00007ffab3a70000 - 0x00007ffab3b0a000 	C:\WINDOWS\System32\msvcp_win.dll
0x00007ffaaba20000 - 0x00007ffaaba2a000 	C:\WINDOWS\SYSTEM32\VERSION.dll
0x00007ffab3f10000 - 0x00007ffab3f41000 	C:\WINDOWS\System32\IMM32.DLL
0x00007ffa71ea0000 - 0x00007ffa71eac000 	C:\Program Files\Java\jdk-21\bin\vcruntime140_1.dll
0x00007ffa5bea0000 - 0x00007ffa5bf2e000 	C:\Program Files\Java\jdk-21\bin\msvcp140.dll
0x00007ffa25fd0000 - 0x00007ffa26ce5000 	C:\Program Files\Java\jdk-21\bin\server\jvm.dll
0x00007ffab6010000 - 0x00007ffab6081000 	C:\WINDOWS\System32\WS2_32.dll
0x00007ffab2370000 - 0x00007ffab23bd000 	C:\WINDOWS\SYSTEM32\POWRPROF.dll
0x00007ffa99c80000 - 0x00007ffa99cb4000 	C:\WINDOWS\SYSTEM32\WINMM.dll
0x00007ffab22a0000 - 0x00007ffab22b3000 	C:\WINDOWS\SYSTEM32\UMPDC.dll
0x00007ffab24c0000 - 0x00007ffab24d8000 	C:\WINDOWS\SYSTEM32\kernel.appcore.dll
0x00007ffa71e20000 - 0x00007ffa71e2a000 	C:\Program Files\Java\jdk-21\bin\jimage.dll
0x00007ffab0c70000 - 0x00007ffab0ea2000 	C:\WINDOWS\SYSTEM32\DBGHELP.DLL
0x00007ffab4050000 - 0x00007ffab43df000 	C:\WINDOWS\System32\combase.dll
0x00007ffab5d60000 - 0x00007ffab5e37000 	C:\WINDOWS\System32\OLEAUT32.dll
0x00007ffaa80d0000 - 0x00007ffaa8102000 	C:\WINDOWS\SYSTEM32\dbgcore.DLL
0x00007ffab34c0000 - 0x00007ffab353b000 	C:\WINDOWS\System32\bcryptPrimitives.dll
0x00007ffa68b00000 - 0x00007ffa68b0f000 	C:\Program Files\Java\jdk-21\bin\instrument.dll
0x00007ffa5be80000 - 0x00007ffa5be9f000 	C:\Program Files\Java\jdk-21\bin\java.dll
0x00007ffab4da0000 - 0x00007ffab5616000 	C:\WINDOWS\System32\SHELL32.dll
0x00007ffab12c0000 - 0x00007ffab1bc3000 	C:\WINDOWS\SYSTEM32\windows.storage.dll
0x00007ffab1180000 - 0x00007ffab12bf000 	C:\WINDOWS\SYSTEM32\wintypes.dll
0x00007ffab4ca0000 - 0x00007ffab4d99000 	C:\WINDOWS\System32\SHCORE.dll
0x00007ffab43e0000 - 0x00007ffab443e000 	C:\WINDOWS\System32\shlwapi.dll
0x00007ffab3300000 - 0x00007ffab332b000 	C:\WINDOWS\SYSTEM32\profapi.dll
0x00007ffa3f850000 - 0x00007ffa3f927000 	C:\Program Files\Java\jdk-21\bin\jsvml.dll
0x00007ffa5be40000 - 0x00007ffa5be58000 	C:\Program Files\Java\jdk-21\bin\zip.dll
0x00007ffa6faa0000 - 0x00007ffa6fab0000 	C:\Program Files\Java\jdk-21\bin\net.dll
0x00007ffaabb00000 - 0x00007ffaabc36000 	C:\WINDOWS\SYSTEM32\WINHTTP.dll
0x00007ffab2940000 - 0x00007ffab29a9000 	C:\WINDOWS\system32\mswsock.dll
0x00007ffa5be60000 - 0x00007ffa5be76000 	C:\Program Files\Java\jdk-21\bin\nio.dll
0x00007ffa5be20000 - 0x00007ffa5be3a000 	C:\Program Files\JetBrains\IntelliJ IDEA Community Edition 2024.2.4\bin\breakgen64.dll
0x00007ffa68960000 - 0x00007ffa68967000 	C:\Program Files\Java\jdk-21\bin\extnet.dll

dbghelp: loaded successfully - version: 4.0.5 - missing functions: none
symbol engine: initialized successfully - sym options: 0x614 - pdb path: .;C:\Program Files\Java\jdk-21\bin;C:\WINDOWS\SYSTEM32;C:\WINDOWS\WinSxS\amd64_microsoft.windows.common-controls_6595b64144ccf1df_6.0.22621.4391_none_2715d37f73803e96;C:\Program Files\Java\jdk-21\bin\server;C:\Program Files\JetBrains\IntelliJ IDEA Community Edition 2024.2.4\bin

VM Arguments:
jvm_args: -javaagent:C:\Program Files\JetBrains\IntelliJ IDEA Community Edition 2024.2.4\lib\idea_rt.jar=62192:C:\Program Files\JetBrains\IntelliJ IDEA Community Edition 2024.2.4\bin -Dfile.encoding=UTF-8 -Dsun.stdout.encoding=UTF-8 -Dsun.stderr.encoding=UTF-8 
java_command: FashionFlow.inventory_service.InventoryServiceApplication
java_class_path (initial): D:\ShopWave\Online Shopping Application\inventory-service\target\classes;C:\Users\Dilina\.m2\repository\org\springframework\boot\spring-boot-starter-data-jpa\3.3.4\spring-boot-starter-data-jpa-3.3.4.jar;C:\Users\Dilina\.m2\repository\org\springframework\boot\spring-boot-starter-aop\3.3.4\spring-boot-starter-aop-3.3.4.jar;C:\Users\Dilina\.m2\repository\org\springframework\spring-aop\6.1.13\spring-aop-6.1.13.jar;C:\Users\Dilina\.m2\repository\org\aspectj\aspectjweaver\1.9.22.1\aspectjweaver-1.9.22.1.jar;C:\Users\Dilina\.m2\repository\org\springframework\boot\spring-boot-starter-jdbc\3.3.4\spring-boot-starter-jdbc-3.3.4.jar;C:\Users\Dilina\.m2\repository\com\zaxxer\HikariCP\5.1.0\HikariCP-5.1.0.jar;C:\Users\Dilina\.m2\repository\org\springframework\spring-jdbc\6.1.13\spring-jdbc-6.1.13.jar;C:\Users\Dilina\.m2\repository\org\hibernate\orm\hibernate-core\6.5.3.Final\hibernate-core-6.5.3.Final.jar;C:\Users\Dilina\.m2\repository\jakarta\persistence\jakarta.persistence-api\3.1.0\jakarta.persistence-api-3.1.0.jar;C:\Users\Dilina\.m2\repository\jakarta\transaction\jakarta.transaction-api\2.0.1\jakarta.transaction-api-2.0.1.jar;C:\Users\Dilina\.m2\repository\org\jboss\logging\jboss-logging\3.5.3.Final\jboss-logging-3.5.3.Final.jar;C:\Users\Dilina\.m2\repository\org\hibernate\common\hibernate-commons-annotations\6.0.6.Final\hibernate-commons-annotations-6.0.6.Final.jar;C:\Users\Dilina\.m2\repository\io\smallrye\jandex\3.1.2\jandex-3.1.2.jar;C:\Users\Dilina\.m2\repository\com\fasterxml\classmate\1.7.0\classmate-1.7.0.jar;C:\Users\Dilina\.m2\repository\net\bytebuddy\byte-buddy\1.14.19\byte-buddy-1.14.19.jar;C:\Users\Dilina\.m2\repository\org\glassfish\jaxb\jaxb-runtime\4.0.5\jaxb-runtime-4.0.5.jar;C:\Users\Dilina\.m2\repository\org\glassfish\jaxb\jaxb-core\4.0.5\jaxb-core-4.0.5.jar;C:\Users\Dilina\.m2\repository\org\eclipse\angus\angus-activation\2.0.2\angus-activation-2.0.2.jar;C:\Users\Dilina\.m2\repository\org\glassfish\jaxb\txw2\4.0.5\txw2-4.0.5.jar;C:\Users\Dilina\.m2\repository\com\sun\istack\istack-commons-runtime\4.1.2\istack-commons-runtime-4.1.2.jar;C:\Users\Dilina\.m2\repository\jakarta\inject\jakarta.inject-api\2.0.1\jakarta.inject-api-2.0.1.jar;C:\Users\Dilina\.m2\repository\org\antlr\antlr4-runtime\4.13.0\antlr4-runtime-4.13.0.jar;C:\Users\Dilina\.m2\repository\org\springframework\data\spring-data-jpa\3.3.4\spring-data-jpa-3.3.4.jar;C:\Users\Dilina\.m2\repository\org\springframework\data\spring-data-commons\3.3.4\spring-data-commons-3.3.4.jar;C:\Users\Dilina\.m2\repository\org\springframework\spring-orm\6.1.13\spring-orm-6.1.13.jar;C:\Users\Dilina\.m2\repository\org\springframework\spring-context\6.1.13\spring-context-6.1.13.jar;C:\Users\Dilina\.m2\repository\org\springframework\spring-tx\6.1.13\spring-tx-6.1.13.jar;C:\Users\Dilina\.m2\repository\org\springframework\spring-beans\6.1.13\spring-beans-6.1.13.jar;C:\Users\Dilina\.m2\repository\jakarta\annotation\jakarta.annotation-api\2.1.1\jakarta.annotation-api-2.1.1.jar;C:\Users\Dilina\.m2\repository\org\slf4j\slf4j-api\2.0.16\slf4j-api-2.0.16.jar;C:\Users\Dilina\.m2\repository\org\springframework\spring-aspects\6.1.13\spring-aspects-6.1.13.jar;C:\Users\Dilina\.m2\repository\org\springframework\boot\spring-boot-starter-web\3.3.4\spring-boot-starter-web-3.3.4.jar;C:\Users\Dilina\.m2\repository\org\springframework\boot\spring-boot-starter\3.3.4\spring-boot-starter-3.3.4.jar;C:\Users\Dilina\.m2\repository\org\springframework\boot\spring-boot\3.3.4\spring-boot-3.3.4.jar;C:\Users\Dilina\.m2\repository\org\springframework\boot\spring-boot-starter-logging\3.3.4\spring-boot-starter-logging-3.3.4.jar;C:\Users\Dilina\.m2\repository\ch\qos\logback\logback-classic\1.5.8\logback-classic-1.5.8.jar;C:\Users\Dilina\.m2\repository\ch\qos\logback\logback-core\1.5.8\logback-core-1.5.8.jar;C:\Users\Dilina\.m2\repository\org\apache\logging\log4j\log4j-to-slf4j\2.23.1\log4j-to-slf4j-2.23.1.jar;C:\Users\Dilina\.m2\repository\org\apache\logging\log4j\log4j-api\2.23.1\log4j-api-2.23.1.jar;C:\Users\Dilina\.m2\repository\org\slf4j\jul-to-slf4j\2.0.16\jul-to-slf4j-2.0.16.jar;C:\Users\Dilina\.m2\repository\org\yaml\snakeyaml\2.2\snakeyaml-2.2.jar;C:\Users\Dilina\.m2\repository\org\springframework\boot\spring-boot-starter-json\3.3.4\spring-boot-starter-json-3.3.4.jar;C:\Users\Dilina\.m2\repository\com\fasterxml\jackson\core\jackson-databind\2.17.2\jackson-databind-2.17.2.jar;C:\Users\Dilina\.m2\repository\com\fasterxml\jackson\core\jackson-annotations\2.17.2\jackson-annotations-2.17.2.jar;C:\Users\Dilina\.m2\repository\com\fasterxml\jackson\datatype\jackson-datatype-jdk8\2.17.2\jackson-datatype-jdk8-2.17.2.jar;C:\Users\Dilina\.m2\repository\com\fasterxml\jackson\datatype\jackson-datatype-jsr310\2.17.2\jackson-datatype-jsr310-2.17.2.jar;C:\Users\Dilina\.m2\repository\com\fasterxml\jackson\module\jackson-module-parameter-names\2.17.2\jackson-module-parameter-names-2.17.2.jar;C:\Users\Dilina\.m2\repository\org\springframework\boot\spring-boot-starter-tomcat\3.3.4\spring-boot-starter-tomcat-3.3.4.jar;C:\Users\Dilina\.m2\repository\org\apache\tomcat\embed\tomcat-embed-core\10.1.30\tomcat-embed-core-10.1.30.jar;C:\Users\Dilina\.m2\repository\org\apache\tomcat\embed\tomcat-embed-el\10.1.30\tomcat-embed-el-10.1.30.jar;C:\Users\Dilina\.m2\repository\org\apache\tomcat\embed\tomcat-embed-websocket\10.1.30\tomcat-embed-websocket-10.1.30.jar;C:\Users\Dilina\.m2\repository\org\springframework\spring-web\6.1.13\spring-web-6.1.13.jar;C:\Users\Dilina\.m2\repository\io\micrometer\micrometer-observation\1.13.4\micrometer-observation-1.13.4.jar;C:\Users\Dilina\.m2\repository\io\micrometer\micrometer-commons\1.13.4\micrometer-commons-1.13.4.jar;C:\Users\Dilina\.m2\repository\org\springframework\spring-webmvc\6.1.13\spring-webmvc-6.1.13.jar;C:\Users\Dilina\.m2\repository\org\springframework\spring-expression\6.1.13\spring-expression-6.1.13.jar;C:\Users\Dilina\.m2\repository\org\flywaydb\flyway-core\10.10.0\flyway-core-10.10.0.jar;C:\Users\Dilina\.m2\repository\com\fasterxml\jackson\dataformat\jackson-dataformat-toml\2.17.2\jackson-dataformat-toml-2.17.2.jar;C:\Users\Dilina\.m2\repository\com\fasterxml\jackson\core\jackson-core\2.17.2\jackson-core-2.17.2.jar;C:\Users\Dilina\.m2\repository\com\google\code\gson\gson\2.10.1\gson-2.10.1.jar;C:\Users\Dilina\.m2\repository\org\flywaydb\flyway-mysql\10.10.0\flyway-mysql-10.10.0.jar;C:\Users\Dilina\.m2\repository\org\springdoc\springdoc-openapi-starter-webmvc-ui\2.5.0\springdoc-openapi-starter-webmvc-ui-2.5.0.jar;C:\Users\Dilina\.m2\repository\org\springdoc\springdoc-openapi-starter-webmvc-api\2.5.0\springdoc-openapi-starter-webmvc-api-2.5.0.jar;C:\Users\Dilina\.m2\repository\org\springdoc\springdoc-openapi-starter-common\2.5.0\springdoc-openapi-starter-common-2.5.0.jar;C:\Users\Dilina\.m2\repository\io\swagger\core\v3\swagger-core-jakarta\2.2.21\swagger-core-jakarta-2.2.21.jar;C:\Users\Dilina\.m2\repository\org\apache\commons\commons-lang3\3.14.0\commons-lang3-3.14.0.jar;C:\Users\Dilina\.m2\repository\io\swagger\core\v3\swagger-annotations-jakarta\2.2.21\swagger-annotations-jakarta-2.2.21.jar;C:\Users\Dilina\.m2\repository\io\swagger\core\v3\swagger-models-jakarta\2.2.21\swagger-models-jakarta-2.2.21.jar;C:\Users\Dilina\.m2\repository\jakarta\validation\jakarta.validation-api\3.0.2\jakarta.validation-api-3.0.2.jar;C:\Users\Dilina\.m2\repository\com\fasterxml\jackson\dataformat\jackson-dataformat-yaml\2.17.2\jackson-dataformat-yaml-2.17.2.jar;C:\Users\Dilina\.m2\repository\org\webjars\swagger-ui\5.13.0\swagger-ui-5.13.0.jar;C:\Users\Dilina\.m2\repository\com\mysql\mysql-connector-j\8.3.0\mysql-connector-j-8.3.0.jar;C:\Users\Dilina\.m2\repository\org\projectlombok\lombok\1.18.34\lombok-1.18.34.jar;C:\Users\Dilina\.m2\repository\jakarta\xml\bind\jakarta.xml.bind-api\4.0.2\jakarta.xml.bind-api-4.0.2.jar;C:\Users\Dilina\.m2\repository\jakarta\activation\jakarta.activation-api\2.1.3\jakarta.activation-api-2.1.3.jar;C:\Users\Dilina\.m2\repository\org\springframework\spring-core\6.1.13\spring-core-6.1.13.jar;C:\Users\Dilina\.m2\repository\org\springframework\spring-jcl\6.1.13\spring-jcl-6.1.13.jar;C:\Users\Dilina\.m2\repository\org\springframework\boot\spring-boot-autoconfigure\3.3.4\spring-boot-autoconfigure-3.3.4.jar
Launcher Type: SUN_STANDARD

[Global flags]
     intx CICompilerCount                          = 4                                         {product} {ergonomic}
     uint ConcGCThreads                            = 3                                         {product} {ergonomic}
     uint G1ConcRefinementThreads                  = 10                                        {product} {ergonomic}
   size_t G1HeapRegionSize                         = 2097152                                   {product} {ergonomic}
    uintx GCDrainStackTargetSize                   = 64                                        {product} {ergonomic}
   size_t InitialHeapSize                          = 266338304                                 {product} {ergonomic}
   size_t MarkStackSize                            = 4194304                                   {product} {ergonomic}
   size_t MaxHeapSize                              = 4240441344                                {product} {ergonomic}
   size_t MaxNewSize                               = 2543845376                                {product} {ergonomic}
   size_t MinHeapDeltaBytes                        = 2097152                                   {product} {ergonomic}
   size_t MinHeapSize                              = 8388608                                   {product} {ergonomic}
    uintx NonNMethodCodeHeapSize                   = 5839372                                {pd product} {ergonomic}
    uintx NonProfiledCodeHeapSize                  = 122909434                              {pd product} {ergonomic}
    uintx ProfiledCodeHeapSize                     = 122909434                              {pd product} {ergonomic}
    uintx ReservedCodeCacheSize                    = 251658240                              {pd product} {ergonomic}
     bool SegmentedCodeCache                       = true                                      {product} {ergonomic}
   size_t SoftMaxHeapSize                          = 4240441344                             {manageable} {ergonomic}
     bool UseCompressedOops                        = true                           {product lp64_product} {ergonomic}
     bool UseG1GC                                  = true                                      {product} {ergonomic}
     bool UseLargePagesIndividualAllocation        = false                                  {pd product} {ergonomic}

Logging:
Log output configuration:
 #0: stdout all=warning uptime,level,tags foldmultilines=false
 #1: stderr all=off uptime,level,tags foldmultilines=false

Environment Variables:
JAVA_HOME=C:\Program Files\Java\jdk-21
PATH=C:\Program Files\Common Files\Oracle\Java\javapath;C:\Python312\Scripts\;C:\Python312\;C:\Windows\system32;C:\Windows;C:\Windows\System32\Wbem;C:\Windows\System32\WindowsPowerShell\v1.0\;C:\Windows\System32\OpenSSH\;C:\Program Files (x86)\NVIDIA Corporation\PhysX\Common;C:\Program Files\NVIDIA Corporation\NVIDIA NvDLISR;C:\WINDOWS\system32;C:\WINDOWS;C:\WINDOWS\System32\Wbem;C:\WINDOWS\System32\WindowsPowerShell\v1.0\;C:\WINDOWS\System32\OpenSSH\;C:\Program Files\Microsoft SQL Server\150\Tools\Binn\;C:\Program Files\Microsoft SQL Server\Client SDK\ODBC\170\Tools\Binn\;C:\Program Files\dotnet\;C:\Program Files (x86)\Microsoft SQL Server\160\Tools\Binn\;C:\Program Files\Microsoft SQL Server\160\Tools\Binn\;C:\Program Files\Microsoft SQL Server\160\DTS\Binn\;C:\Program Files (x86)\Microsoft SQL Server\160\DTS\Binn\;C:\Program Files\Azure Data Studio\bin;C:\Program Files\Git\cmd;C:\ProgramData\chocolatey\bin;G:\Software\Node js\;C:\Program Files\GitHub CLI\;C:\Program Files\Amazon\AWSCLIV2\;C:\Program Files\Vagrant\bin;C:\Program Files\Docker\Docker\resources\bin;C:\Users\Dilina\AppData\Local\Microsoft\WindowsApps;C:\Users\Dilina\.dotnet\tools;C:\Program Files\Azure Data Studio\bin;E:\Software\PyCharm Community Edition 2023.2.1\bin;;E:\Software\flutter_windows_3.13.9-stable\flutter\bin;G:\Software\Microsoft VS Code\bin;C:\Users\Dilina\AppData\Roaming\npm;G:\Software\IntelliJ IDEA 2023.2.4\bin;;C:\Program Files\Java\jdk-21\bin;;C:\Program Files\JetBrains\IntelliJ IDEA Community Edition 2024.2.4\bin;
USERNAME=Dilina
OS=Windows_NT
PROCESSOR_IDENTIFIER=Intel64 Family 6 Model 165 Stepping 2, GenuineIntel
TMP=C:\Users\Dilina\AppData\Local\Temp
TEMP=C:\Users\Dilina\AppData\Local\Temp




Periodic native trim disabled

---------------  S Y S T E M  ---------------

OS:
 Windows 11 , 64 bit Build 22621 (10.0.22621.4391)
OS uptime: 5 days 6:32 hours
Hyper-V role detected

CPU: total 12 (initial active 12) (6 cores per cpu, 2 threads per core) family 6 model 165 stepping 2 microcode 0xe0, cx8, cmov, fxsr, ht, mmx, 3dnowpref, sse, sse2, sse3, ssse3, sse4.1, sse4.2, popcnt, lzcnt, tsc, tscinvbit, avx, avx2, aes, erms, clmul, bmi1, bmi2, adx, fma, vzeroupper, clflush, clflushopt, hv, rdtscp, f16c
Processor Information for all 12 processors :
  Max Mhz: 2592, Current Mhz: 2592, Mhz Limit: 2592

Memory: 4k page, system-wide physical 16170M (2234M free)
TotalPageFile size 34603M (AvailPageFile size 4M)
current process WorkingSet (physical memory assigned to process): 70M, peak: 70M
current process commit charge ("private bytes"): 357M, peak: 357M

vm_info: Java HotSpot(TM) 64-Bit Server VM (21.0.1+12-LTS-29) for windows-amd64 JRE (21.0.1+12-LTS-29), built on 2023-10-05T13:27:09Z by "mach5one" with MS VC++ 17.1 (VS2022)

END.
